<?xml version="1.0" encoding="UTF-8"?>
<!-- Generated by org.testng.reporters.JUnitReportReporter -->
<testsuite hostname="TYSS-Channaveerayya" failures="0" tests="1" name="org.tyss.knolskape.testcases.CheckTheExpectedElementsArePresentInUI" time="10.944" errors="0" timestamp="2024-07-01T17:40:15 IST" skipped="0">
  <testcase classname="org.tyss.knolskape.testcases.CheckTheExpectedElementsArePresentInUI" name="checkWhetherLinksAreBroken" time="10.944"/>
</testsuite> <!-- org.tyss.knolskape.testcases.CheckTheExpectedElementsArePresentInUI -->
