<?xml version="1.0" encoding="UTF-8"?>
<!-- Generated by org.testng.reporters.JUnitReportReporter -->
<testsuite hostname="TYSS-Channaveerayya" failures="0" tests="1" name="org.tyss.knolskape.testcases.CheckWhetherLinksAreBroken" time="10.975" errors="0" timestamp="2024-06-30T23:54:30 IST" skipped="0">
  <testcase classname="org.tyss.knolskape.testcases.CheckWhetherLinksAreBroken" name="checkWhetherLinksAreBroken" time="10.975"/>
</testsuite> <!-- org.tyss.knolskape.testcases.CheckWhetherLinksAreBroken -->
