<?xml version="1.0" encoding="UTF-8"?>
<!-- Generated by org.testng.reporters.JUnitReportReporter -->
<testsuite hostname="TYSS-Channaveerayya" failures="0" tests="1" name="org.tyss.knolskape.testcases.UI_UX_Test" time="11.279" errors="0" timestamp="2024-07-01T11:00:53 IST" skipped="0">
  <testcase classname="org.tyss.knolskape.testcases.UI_UX_Test" name="ui_ux_Test" time="11.279"/>
</testsuite> <!-- org.tyss.knolskape.testcases.UI_UX_Test -->
