<?xml version="1.0" encoding="UTF-8"?>
<!-- Generated by org.testng.reporters.JUnitReportReporter -->
<testsuite hostname="TYSS-Channaveerayya" failures="0" tests="1" name="org.tyss.knolskape.testcases.UI_UX_Test" time="9.163" errors="0" timestamp="2024-07-02T12:40:30 IST" skipped="0">
  <testcase classname="org.tyss.knolskape.testcases.UI_UX_Test" name="ui_ux_Test" time="9.163"/>
</testsuite> <!-- org.tyss.knolskape.testcases.UI_UX_Test -->
