<?xml version="1.0" encoding="UTF-8"?>
<!-- Generated by org.testng.reporters.JUnitReportReporter -->
<testsuite hostname="TYSS-Channaveerayya" failures="0" tests="1" name="org.tyss.knolskape.testcases.CheckTheExpectedElementsArePresentInGuiTest" time="20.274" errors="0" timestamp="2024-07-04T00:25:16 IST" skipped="0">
  <testcase classname="org.tyss.knolskape.testcases.CheckTheExpectedElementsArePresentInGuiTest" name="checkTheExpectedElementsArePresentInGui" time="20.274"/>
</testsuite> <!-- org.tyss.knolskape.testcases.CheckTheExpectedElementsArePresentInGuiTest -->
