<?xml version="1.0" encoding="UTF-8"?>
<!-- Generated by org.testng.reporters.JUnitReportReporter -->
<testsuite hostname="TYSS-Channaveerayya" failures="0" tests="1" name="org.tyss.knolskape.testcases.CheckTheExpectedElementsArePresentInUITest" time="19.447" errors="0" timestamp="2024-07-01T23:36:17 IST" skipped="0">
  <testcase classname="org.tyss.knolskape.testcases.CheckTheExpectedElementsArePresentInUITest" name="checkTheExpectedElementsArePresentInUI" time="19.447"/>
</testsuite> <!-- org.tyss.knolskape.testcases.CheckTheExpectedElementsArePresentInUITest -->
