<?xml version="1.0" encoding="UTF-8"?>
<!-- Generated by org.testng.reporters.JUnitReportReporter -->
<testsuite hostname="TYSS-Channaveerayya" failures="0" tests="1" name="org.tyss.knolskape.testcases.CheckWhetherLinksAreBrokenTest" time="14.236" errors="0" timestamp="2024-07-01T23:36:17 IST" skipped="0">
  <testcase classname="org.tyss.knolskape.testcases.CheckWhetherLinksAreBrokenTest" name="checkWhetherLinksAreBroken" time="14.236"/>
</testsuite> <!-- org.tyss.knolskape.testcases.CheckWhetherLinksAreBrokenTest -->
