<?xml version="1.0" encoding="UTF-8"?>
<!-- Generated by org.testng.reporters.JUnitReportReporter -->
<testsuite hostname="TYSS-Channaveerayya" failures="0" tests="1" name="org.tyss.knolskape.testcases.CheckWhetherLinksAreBroken" time="11.860" errors="0" timestamp="2024-07-01T18:08:06 IST" skipped="0">
  <testcase classname="org.tyss.knolskape.testcases.CheckWhetherLinksAreBroken" name="checkWhetherLinksAreBroken" time="11.860"/>
</testsuite> <!-- org.tyss.knolskape.testcases.CheckWhetherLinksAreBroken -->
