<?xml version="1.0" encoding="UTF-8"?>
<!-- Generated by org.testng.reporters.JUnitReportReporter -->
<testsuite hostname="TYSS-Channaveerayya" failures="0" tests="1" name="org.tyss.knolskape.testcases.UI_UX_Test" time="11.237" errors="0" timestamp="2024-07-04T11:11:58 IST" skipped="0">
  <testcase classname="org.tyss.knolskape.testcases.UI_UX_Test" name="ui_ux_Test" time="11.237"/>
</testsuite> <!-- org.tyss.knolskape.testcases.UI_UX_Test -->
